<?xml version="1.0" encoding="UTF-8"?>
<robot generator="Robot 3.2.2 (Python 3.7.9 on win32)" generated="20210215 22:17:15.596" rpa="false">
<suite id="s1" name="AMS" source="C:\Python Automation\AMS">
<suite id="s1-s1" name="Tests" source="C:\Python Automation\AMS\Tests">
<suite id="s1-s1-s1" name="TC 3 CompanyMaster tc" source="C:\Python Automation\AMS\Tests\TC_3_CompanyMaster_tc.robot">
<test id="s1-s1-s1-t1" name="Add Company in the Company Master">
<kw name="Login As Admin" library="General_keys">
<kw name="Sleep" library="BuiltIn">
<doc>Pauses the test executed for the given time.</doc>
<arguments>
<arg>${maxWait}</arg>
</arguments>
<msg timestamp="20210215 22:17:19.891" level="INFO">Slept 4 seconds</msg>
<status status="PASS" starttime="20210215 22:17:15.881" endtime="20210215 22:17:19.892"></status>
</kw>
<kw name="Open Browser" library="SeleniumLibrary">
<doc>Opens a new browser instance to the optional ``url``.</doc>
<arguments>
<arg>${Appurl}</arg>
<arg>${broswer}</arg>
</arguments>
<msg timestamp="20210215 22:17:19.896" level="INFO">Opening browser 'Chrome' to base url 'http://muthucsm-001-site11.btempurl.com/'.</msg>
<status status="PASS" starttime="20210215 22:17:19.893" endtime="20210215 22:17:35.099"></status>
</kw>
<kw name="Set Browser Implicit Wait" library="SeleniumLibrary">
<doc>Sets the implicit wait value used by Selenium.</doc>
<arguments>
<arg>${BrowserWait}</arg>
</arguments>
<status status="PASS" starttime="20210215 22:17:35.101" endtime="20210215 22:17:35.109"></status>
</kw>
<kw name="Maximize Browser Window" library="SeleniumLibrary">
<doc>Maximizes current browser window.</doc>
<status status="PASS" starttime="20210215 22:17:35.110" endtime="20210215 22:17:37.295"></status>
</kw>
<kw name="Input Text" library="SeleniumLibrary">
<doc>Types the given ``text`` into the text field identified by ``locator``.</doc>
<arguments>
<arg>${AdminUsername_loc}</arg>
<arg>${AdminUsername_data}</arg>
</arguments>
<msg timestamp="20210215 22:17:37.297" level="INFO">Typing text 'karthik' into text field '//*[@id='TxtUserName']'.</msg>
<status status="PASS" starttime="20210215 22:17:37.296" endtime="20210215 22:17:37.437"></status>
</kw>
<kw name="Input Password" library="SeleniumLibrary">
<doc>Types the given password into the text field identified by ``locator``.</doc>
<arguments>
<arg>${AdminPassword_loc}</arg>
<arg>${AdminPassword_data}</arg>
</arguments>
<msg timestamp="20210215 22:17:37.440" level="INFO">Typing password into text field '//*[@id='TxtPassword']'.</msg>
<msg timestamp="20210215 22:17:37.503" level="INFO">Temporally setting log level to: NONE</msg>
<msg timestamp="20210215 22:17:37.554" level="INFO">Log level changed from NONE to INFO.</msg>
<status status="PASS" starttime="20210215 22:17:37.437" endtime="20210215 22:17:37.554"></status>
</kw>
<kw name="Click Element" library="SeleniumLibrary">
<doc>Click the element identified by ``locator``.</doc>
<arguments>
<arg>${LoginButton}</arg>
</arguments>
<msg timestamp="20210215 22:17:37.555" level="INFO">Clicking element '//*[@onclick='Login()']'.</msg>
<status status="PASS" starttime="20210215 22:17:37.555" endtime="20210215 22:17:37.599"></status>
</kw>
<status status="PASS" starttime="20210215 22:17:15.880" endtime="20210215 22:17:37.599"></status>
</kw>
<kw name="Add Company in Company Master" library="CompanyMaster_key">
<kw name="Click Element" library="SeleniumLibrary">
<doc>Click the element identified by ``locator``.</doc>
<arguments>
<arg>${CompanyMaster_menu}</arg>
</arguments>
<msg timestamp="20210215 22:17:37.601" level="INFO">Clicking element '//*[contains(text(),'Company Master')]'.</msg>
<status status="PASS" starttime="20210215 22:17:37.600" endtime="20210215 22:17:45.584"></status>
</kw>
<kw name="Sleep" library="BuiltIn">
<doc>Pauses the test executed for the given time.</doc>
<arguments>
<arg>${minWait}</arg>
</arguments>
<msg timestamp="20210215 22:17:47.603" level="INFO">Slept 2 seconds</msg>
<status status="PASS" starttime="20210215 22:17:45.586" endtime="20210215 22:17:47.604"></status>
</kw>
<kw name="Input Text" library="SeleniumLibrary">
<doc>Types the given ``text`` into the text field identified by ``locator``.</doc>
<arguments>
<arg>${CM_CompanyNameInSearch_loc}</arg>
<arg>${CM_CompanyNameInSearch_data}</arg>
</arguments>
<msg timestamp="20210215 22:17:47.610" level="INFO">Typing text 'TestingCompany_504' into text field 'xpath://*[@id='TxtSearchCompanyName']'.</msg>
<status status="PASS" starttime="20210215 22:17:47.606" endtime="20210215 22:17:47.852"></status>
</kw>
<kw name="Sleep" library="BuiltIn">
<doc>Pauses the test executed for the given time.</doc>
<arguments>
<arg>${minWait}</arg>
</arguments>
<msg timestamp="20210215 22:17:49.862" level="INFO">Slept 2 seconds</msg>
<status status="PASS" starttime="20210215 22:17:47.852" endtime="20210215 22:17:49.863"></status>
</kw>
<kw name="Click Element" library="SeleniumLibrary">
<doc>Click the element identified by ``locator``.</doc>
<arguments>
<arg>${CM_SearchBn}</arg>
</arguments>
<msg timestamp="20210215 22:17:49.867" level="INFO">Clicking element 'xpath://*[@id='btnCompanySearch']'.</msg>
<status status="PASS" starttime="20210215 22:17:49.865" endtime="20210215 22:17:49.974"></status>
</kw>
<kw name="Sleep" library="BuiltIn">
<doc>Pauses the test executed for the given time.</doc>
<arguments>
<arg>${minWait}</arg>
</arguments>
<msg timestamp="20210215 22:17:51.987" level="INFO">Slept 2 seconds</msg>
<status status="PASS" starttime="20210215 22:17:49.975" endtime="20210215 22:17:51.989"></status>
</kw>
<kw name="Element Text Should Be" library="SeleniumLibrary">
<doc>Verifies that element ``locator`` contains exact the text ``expected``.</doc>
<arguments>
<arg>${CM_CompanyNameInGrid_loc}</arg>
<arg>${CM_CompanyNameInGrid_data}</arg>
</arguments>
<msg timestamp="20210215 22:17:51.993" level="INFO">Verifying element 'xpath://*[@id='Companygrid']/tbody/tr/td[2]' contains exact text 'TestingCompany_504'.</msg>
<status status="PASS" starttime="20210215 22:17:51.990" endtime="20210215 22:17:52.062"></status>
</kw>
<kw name="Sleep" library="BuiltIn">
<doc>Pauses the test executed for the given time.</doc>
<arguments>
<arg>${minWait}</arg>
</arguments>
<msg timestamp="20210215 22:17:54.078" level="INFO">Slept 2 seconds</msg>
<status status="PASS" starttime="20210215 22:17:52.063" endtime="20210215 22:17:54.081"></status>
</kw>
<kw name="Click Element" library="SeleniumLibrary">
<doc>Click the element identified by ``locator``.</doc>
<arguments>
<arg>${CM_ActionBn}</arg>
</arguments>
<msg timestamp="20210215 22:17:54.086" level="INFO">Clicking element 'xpath://*[@id='Companygrid']/tbody/tr/td[8]'.</msg>
<status status="PASS" starttime="20210215 22:17:54.082" endtime="20210215 22:17:54.196"></status>
</kw>
<kw name="Sleep" library="BuiltIn">
<doc>Pauses the test executed for the given time.</doc>
<arguments>
<arg>${minWait}</arg>
</arguments>
<msg timestamp="20210215 22:17:56.197" level="INFO">Slept 2 seconds</msg>
<status status="PASS" starttime="20210215 22:17:54.197" endtime="20210215 22:17:56.199"></status>
</kw>
<kw name="Wait Until Element Is Visible" library="SeleniumLibrary">
<doc>Waits until the element ``locator`` is visible.</doc>
<arguments>
<arg>${CM_CompanyInfobn}</arg>
</arguments>
<status status="PASS" starttime="20210215 22:17:56.200" endtime="20210215 22:17:56.289"></status>
</kw>
<kw name="Click Element" library="SeleniumLibrary">
<doc>Click the element identified by ``locator``.</doc>
<arguments>
<arg>${CM_CompanyInfobn}</arg>
</arguments>
<msg timestamp="20210215 22:17:56.292" level="INFO">Clicking element 'xpath://*[starts-with(@id,'popover')]/div[2]/div/a[2]'.</msg>
<status status="PASS" starttime="20210215 22:17:56.291" endtime="20210215 22:17:56.408"></status>
</kw>
<kw name="Sleep" library="BuiltIn">
<doc>Pauses the test executed for the given time.</doc>
<arguments>
<arg>${minWait}</arg>
</arguments>
<msg timestamp="20210215 22:17:58.424" level="INFO">Slept 2 seconds</msg>
<status status="PASS" starttime="20210215 22:17:56.409" endtime="20210215 22:17:58.425"></status>
</kw>
<kw name="Input Text" library="SeleniumLibrary">
<doc>Types the given ``text`` into the text field identified by ``locator``.</doc>
<arguments>
<arg>${CM_ProjectName_loc}</arg>
<arg>${CM_Project_data}</arg>
</arguments>
<msg timestamp="20210215 22:17:58.428" level="INFO">Typing text 'Project 5' into text field 'xpath://*[@id='TxtProjectName']'.</msg>
<status status="PASS" starttime="20210215 22:17:58.426" endtime="20210215 22:17:58.562"></status>
</kw>
<kw name="Click Element" library="SeleniumLibrary">
<doc>Click the element identified by ``locator``.</doc>
<arguments>
<arg>${CM_ProjectSavebn}</arg>
</arguments>
<msg timestamp="20210215 22:17:58.562" level="INFO">Clicking element 'xpath://*[@id='btnProjectSave']'.</msg>
<status status="PASS" starttime="20210215 22:17:58.562" endtime="20210215 22:17:58.609"></status>
</kw>
<kw name="Click Element" library="SeleniumLibrary">
<doc>Click the element identified by ``locator``.</doc>
<arguments>
<arg>${Okbutton}</arg>
</arguments>
<msg timestamp="20210215 22:17:58.610" level="INFO">Clicking element 'xpath:(//*[@class='jconfirm-buttons']/button)[1]'.</msg>
<status status="PASS" starttime="20210215 22:17:58.609" endtime="20210215 22:17:58.672"></status>
</kw>
<kw name="Element Text Should Be" library="SeleniumLibrary">
<doc>Verifies that element ``locator`` contains exact the text ``expected``.</doc>
<arguments>
<arg>${CM_ProjectGrid}</arg>
<arg>${CM_VerifyProjectName_data}</arg>
</arguments>
<msg timestamp="20210215 22:17:58.674" level="INFO">Verifying element 'xpath://*[@id='Projectgrid']/tbody/tr/td[2]' contains exact text 'Project 5'.</msg>
<status status="PASS" starttime="20210215 22:17:58.673" endtime="20210215 22:18:00.065"></status>
</kw>
<kw name="Click Element" library="SeleniumLibrary">
<doc>Click the element identified by ``locator``.</doc>
<arguments>
<arg>${CM_ProjectGrid}</arg>
</arguments>
<msg timestamp="20210215 22:18:00.066" level="INFO">Clicking element 'xpath://*[@id='Projectgrid']/tbody/tr/td[2]'.</msg>
<status status="PASS" starttime="20210215 22:18:00.065" endtime="20210215 22:18:00.296"></status>
</kw>
<kw name="Sleep" library="BuiltIn">
<doc>Pauses the test executed for the given time.</doc>
<arguments>
<arg>${minWait}</arg>
</arguments>
<msg timestamp="20210215 22:18:02.299" level="INFO">Slept 2 seconds</msg>
<status status="PASS" starttime="20210215 22:18:00.297" endtime="20210215 22:18:02.301"></status>
</kw>
<kw name="Input Text" library="SeleniumLibrary">
<doc>Types the given ``text`` into the text field identified by ``locator``.</doc>
<arguments>
<arg>${CM_SiteName_loc}</arg>
<arg>${CM_Site_data}</arg>
</arguments>
<msg timestamp="20210215 22:18:02.305" level="INFO">Typing text 'Site 5' into text field 'xpath://*[@id='TxtSiteName']'.</msg>
<kw name="Capture Page Screenshot" library="SeleniumLibrary">
<doc>Takes a screenshot of the current page and embeds it into a log file.</doc>
<msg timestamp="20210215 22:18:02.425" level="FAIL">NoSuchWindowException: Message: no such window: target window already closed
from unknown error: web view not found
  (Session info: chrome=88.0.4324.150)
</msg>
<status status="FAIL" starttime="20210215 22:18:02.313" endtime="20210215 22:18:02.426"></status>
</kw>
<msg timestamp="20210215 22:18:02.427" level="WARN">Keyword 'Capture Page Screenshot' could not be run on failure: NoSuchWindowException: Message: no such window: target window already closed
from unknown error: web view not found
  (Session info: chrome=88.0.4324.150)
</msg>
<msg timestamp="20210215 22:18:02.523" level="FAIL">NoSuchWindowException: Message: no such window: target window already closed
from unknown error: web view not found
  (Session info: chrome=88.0.4324.150)
</msg>
<status status="FAIL" starttime="20210215 22:18:02.302" endtime="20210215 22:18:02.524"></status>
</kw>
<status status="FAIL" starttime="20210215 22:17:37.600" endtime="20210215 22:18:02.524"></status>
</kw>
<status status="FAIL" starttime="20210215 22:17:15.879" endtime="20210215 22:18:02.525" critical="yes">NoSuchWindowException: Message: no such window: target window already closed
from unknown error: web view not found
  (Session info: chrome=88.0.4324.150)
</status>
</test>
<status status="FAIL" starttime="20210215 22:17:15.673" endtime="20210215 22:18:02.527"></status>
</suite>
<status status="FAIL" starttime="20210215 22:17:15.669" endtime="20210215 22:18:02.532"></status>
</suite>
<status status="FAIL" starttime="20210215 22:17:15.647" endtime="20210215 22:18:02.537"></status>
</suite>
<statistics>
<total>
<stat pass="0" fail="1">Critical Tests</stat>
<stat pass="0" fail="1">All Tests</stat>
</total>
<tag>
</tag>
<suite>
<stat pass="0" fail="1" id="s1" name="AMS">AMS</stat>
<stat pass="0" fail="1" id="s1-s1" name="Tests">AMS.Tests</stat>
<stat pass="0" fail="1" id="s1-s1-s1" name="TC 3 CompanyMaster tc">AMS.Tests.TC 3 CompanyMaster tc</stat>
</suite>
</statistics>
<errors>
<msg timestamp="20210215 22:18:02.427" level="WARN">Keyword 'Capture Page Screenshot' could not be run on failure: NoSuchWindowException: Message: no such window: target window already closed
from unknown error: web view not found
  (Session info: chrome=88.0.4324.150)
</msg>
</errors>
</robot>
